<?xml version="1.0" encoding="UTF-8"?>
<!-- Generated by org.testng.reporters.JUnitXMLReporter -->
<testsuite ignored="0" hostname="DESKTOP-Q0APMFG" failures="0" tests="1" name="test1" time="2.28" errors="0" timestamp="06 AÄŸu 2019 18:25:56 GMT">
  <testcase classname="com.umitkaya.BaseClasses.BaseTest" name="@BeforeTest start" time="2.253">
    <failure type="org.openqa.selenium.SessionNotCreatedException" message="session not created: This version of ChromeDriver only supports Chrome version 76
Build info: version: &amp;apos;3.9.1&amp;apos;, revision: &amp;apos;63f7b50&amp;apos;, time: &amp;apos;2018-02-07T22:25:02.294Z&amp;apos;
System info: host: &amp;apos;DESKTOP-Q0APMFG&amp;apos;, ip: &amp;apos;192.168.1.40&amp;apos;, os.name: &amp;apos;Windows 10&amp;apos;, os.arch: &amp;apos;amd64&amp;apos;, os.version: &amp;apos;10.0&amp;apos;, java.version: &amp;apos;10.0.2&amp;apos;
Driver info: driver.version: ChromeDriver
remote stacktrace: Backtrace:
	Ordinal0 [0x00407C93+1473683]
	Ordinal0 [0x0038ADB1+961969]
	Ordinal0 [0x003142E3+475875]
	Ordinal0 [0x002AF365+62309]
	Ordinal0 [0x002ABC77+48247]
	Ordinal0 [0x002C9149+168265]
	Ordinal0 [0x002C8D1D+167197]
	Ordinal0 [0x002C742B+160811]
	Ordinal0 [0x002B0AE6+68326]
	Ordinal0 [0x002B1BF0+72688]
	Ordinal0 [0x002B1B89+72585]
	Ordinal0 [0x003A4B77+1067895]
	GetHandleVerifier [0x004A6875+506677]
	GetHandleVerifier [0x004A6610+506064]
	GetHandleVerifier [0x004AD1B8+533624]
	GetHandleVerifier [0x004A704A+508682]
	Ordinal0 [0x0039C266+1032806]
	Ordinal0 [0x0039C0DF+1032415]
	Ordinal0 [0x003A6A8B+1075851]
	Ordinal0 [0x003A6BF3+1076211]
	Ordinal0 [0x003A5BA5+1072037]
	BaseThreadInitThunk [0x75988494+36]
	RtlAreBitsSet [0x77CB41C8+136]
	RtlAreBitsSet [0x77CB4198+88]
">
        <![CDATA[org.openqa.selenium.SessionNotCreatedException: session not created: This version of ChromeDriver only supports Chrome version 76
Build info: version: '3.9.1', revision: '63f7b50', time: '2018-02-07T22:25:02.294Z'
System info: host: 'DESKTOP-Q0APMFG', ip: '192.168.1.40', os.name: 'Windows 10', os.arch: 'amd64', os.version: '10.0', java.version: '10.0.2'
Driver info: driver.version: ChromeDriver
remote stacktrace: Backtrace:
Ordinal0 [0x00407C93+1473683]
Ordinal0 [0x0038ADB1+961969]
Ordinal0 [0x003142E3+475875]
Ordinal0 [0x002AF365+62309]
Ordinal0 [0x002ABC77+48247]
Ordinal0 [0x002C9149+168265]
Ordinal0 [0x002C8D1D+167197]
Ordinal0 [0x002C742B+160811]
Ordinal0 [0x002B0AE6+68326]
Ordinal0 [0x002B1BF0+72688]
Ordinal0 [0x002B1B89+72585]
Ordinal0 [0x003A4B77+1067895]
GetHandleVerifier [0x004A6875+506677]
GetHandleVerifier [0x004A6610+506064]
GetHandleVerifier [0x004AD1B8+533624]
GetHandleVerifier [0x004A704A+508682]
Ordinal0 [0x0039C266+1032806]
Ordinal0 [0x0039C0DF+1032415]
Ordinal0 [0x003A6A8B+1075851]
Ordinal0 [0x003A6BF3+1076211]
Ordinal0 [0x003A5BA5+1072037]
BaseThreadInitThunk [0x75988494+36]
RtlAreBitsSet [0x77CB41C8+136]
RtlAreBitsSet [0x77CB4198+88]

at org.openqa.selenium.remote.W3CHandshakeResponse.lambda$new$0(W3CHandshakeResponse.java:57)
at org.openqa.selenium.remote.W3CHandshakeResponse.lambda$getResponseFunction$2(W3CHandshakeResponse.java:104)
at org.openqa.selenium.remote.ProtocolHandshake.lambda$createSession$0(ProtocolHandshake.java:123)
at java.base/java.util.stream.ReferencePipeline$3$1.accept(Unknown Source)
at java.base/java.util.Spliterators$ArraySpliterator.tryAdvance(Unknown Source)
at java.base/java.util.stream.ReferencePipeline.forEachWithCancel(Unknown Source)
at java.base/java.util.stream.AbstractPipeline.copyIntoWithCancel(Unknown Source)
at java.base/java.util.stream.AbstractPipeline.copyInto(Unknown Source)
at java.base/java.util.stream.AbstractPipeline.wrapAndCopyInto(Unknown Source)
at java.base/java.util.stream.FindOps$FindOp.evaluateSequential(Unknown Source)
at java.base/java.util.stream.AbstractPipeline.evaluate(Unknown Source)
at java.base/java.util.stream.ReferencePipeline.findFirst(Unknown Source)
at org.openqa.selenium.remote.ProtocolHandshake.createSession(ProtocolHandshake.java:126)
at org.openqa.selenium.remote.ProtocolHandshake.createSession(ProtocolHandshake.java:73)
at org.openqa.selenium.remote.HttpCommandExecutor.execute(HttpCommandExecutor.java:138)
at org.openqa.selenium.remote.service.DriverCommandExecutor.execute(DriverCommandExecutor.java:83)
at org.openqa.selenium.remote.RemoteWebDriver.execute(RemoteWebDriver.java:601)
at org.openqa.selenium.remote.RemoteWebDriver.startSession(RemoteWebDriver.java:219)
at org.openqa.selenium.remote.RemoteWebDriver.<init>(RemoteWebDriver.java:142)
at org.openqa.selenium.chrome.ChromeDriver.<init>(ChromeDriver.java:181)
at org.openqa.selenium.chrome.ChromeDriver.<init>(ChromeDriver.java:168)
at org.openqa.selenium.chrome.ChromeDriver.<init>(ChromeDriver.java:123)
at com.umitkaya.BaseClasses.BaseTest.start(BaseTest.java:17)
... Removed 28 stack frames]]>
    </failure>
  </testcase> <!-- @BeforeTest start -->
  <testcase classname="com.umitkaya.BaseClasses.BaseTest" name="@AfterTest end" time="0.0">
    <skipped/>
  </testcase> <!-- @AfterTest end -->
  <testcase classname="com.umitkaya.TestCases.TC001" name="step1" time="0.0">
    <skipped/>
  </testcase> <!-- step1 -->
</testsuite> <!-- test1 -->
