<?xml version="1.0" encoding="UTF-8"?>
<!-- Generated by org.testng.reporters.JUnitReportReporter -->
<testsuite hostname="DESKTOP-Q0APMFG" failures="0" tests="2" name="com.umitkaya.TestCases.TC001" time="2.253" errors="1" timestamp="06 AÄŸu 2019 18:25:56 GMT" skipped="1">
  <testcase classname="com.umitkaya.TestCases.TC001" name="start" time="2.253">
    <error message="session not created: This version of ChromeDriver only supports Chrome version 76
Build info: version: &#039;3.9.1&#039;, revision: &#039;63f7b50&#039;, time: &#039;2018-02-07T22:25:02.294Z&#039;
System info: host: &#039;DESKTOP-Q0APMFG&#039;, ip: &#039;192.168.1.40&#039;, os.name: &#039;Windows 10&#039;, os.arch: &#039;amd64&#039;, os.version: &#039;10.0&#039;, java.version: &#039;10.0.2&#039;
Driver info: driver.version: ChromeDriver
remote stacktrace: Backtrace:
	Ordinal0 [0x00407C93+1473683]
	Ordinal0 [0x0038ADB1+961969]
	Ordinal0 [0x003142E3+475875]
	Ordinal0 [0x002AF365+62309]
	Ordinal0 [0x002ABC77+48247]
	Ordinal0 [0x002C9149+168265]
	Ordinal0 [0x002C8D1D+167197]
	Ordinal0 [0x002C742B+160811]
	Ordinal0 [0x002B0AE6+68326]
	Ordinal0 [0x002B1BF0+72688]
	Ordinal0 [0x002B1B89+72585]
	Ordinal0 [0x003A4B77+1067895]
	GetHandleVerifier [0x004A6875+506677]
	GetHandleVerifier [0x004A6610+506064]
	GetHandleVerifier [0x004AD1B8+533624]
	GetHandleVerifier [0x004A704A+508682]
	Ordinal0 [0x0039C266+1032806]
	Ordinal0 [0x0039C0DF+1032415]
	Ordinal0 [0x003A6A8B+1075851]
	Ordinal0 [0x003A6BF3+1076211]
	Ordinal0 [0x003A5BA5+1072037]
	BaseThreadInitThunk [0x75988494+36]
	RtlAreBitsSet [0x77CB41C8+136]
	RtlAreBitsSet [0x77CB4198+88]
" type="org.openqa.selenium.SessionNotCreatedException">
        <![CDATA[org.openqa.selenium.SessionNotCreatedException: session not created: This version of ChromeDriver only supports Chrome version 76
Build info: version: '3.9.1', revision: '63f7b50', time: '2018-02-07T22:25:02.294Z'
System info: host: 'DESKTOP-Q0APMFG', ip: '192.168.1.40', os.name: 'Windows 10', os.arch: 'amd64', os.version: '10.0', java.version: '10.0.2'
Driver info: driver.version: ChromeDriver
remote stacktrace: Backtrace:
Ordinal0 [0x00407C93+1473683]
Ordinal0 [0x0038ADB1+961969]
Ordinal0 [0x003142E3+475875]
Ordinal0 [0x002AF365+62309]
Ordinal0 [0x002ABC77+48247]
Ordinal0 [0x002C9149+168265]
Ordinal0 [0x002C8D1D+167197]
Ordinal0 [0x002C742B+160811]
Ordinal0 [0x002B0AE6+68326]
Ordinal0 [0x002B1BF0+72688]
Ordinal0 [0x002B1B89+72585]
Ordinal0 [0x003A4B77+1067895]
GetHandleVerifier [0x004A6875+506677]
GetHandleVerifier [0x004A6610+506064]
GetHandleVerifier [0x004AD1B8+533624]
GetHandleVerifier [0x004A704A+508682]
Ordinal0 [0x0039C266+1032806]
Ordinal0 [0x0039C0DF+1032415]
Ordinal0 [0x003A6A8B+1075851]
Ordinal0 [0x003A6BF3+1076211]
Ordinal0 [0x003A5BA5+1072037]
BaseThreadInitThunk [0x75988494+36]
RtlAreBitsSet [0x77CB41C8+136]
RtlAreBitsSet [0x77CB4198+88]

at java.base/jdk.internal.reflect.NativeConstructorAccessorImpl.newInstance0(Native Method)
at java.base/jdk.internal.reflect.NativeConstructorAccessorImpl.newInstance(Unknown Source)
at java.base/jdk.internal.reflect.DelegatingConstructorAccessorImpl.newInstance(Unknown Source)
at java.base/java.lang.reflect.Constructor.newInstance(Unknown Source)
at org.openqa.selenium.remote.W3CHandshakeResponse.lambda$new$0(W3CHandshakeResponse.java:57)
at org.openqa.selenium.remote.W3CHandshakeResponse.lambda$getResponseFunction$2(W3CHandshakeResponse.java:104)
at org.openqa.selenium.remote.ProtocolHandshake.lambda$createSession$0(ProtocolHandshake.java:123)
at java.base/java.util.stream.ReferencePipeline$3$1.accept(Unknown Source)
at java.base/java.util.Spliterators$ArraySpliterator.tryAdvance(Unknown Source)
at java.base/java.util.stream.ReferencePipeline.forEachWithCancel(Unknown Source)
at java.base/java.util.stream.AbstractPipeline.copyIntoWithCancel(Unknown Source)
at java.base/java.util.stream.AbstractPipeline.copyInto(Unknown Source)
at java.base/java.util.stream.AbstractPipeline.wrapAndCopyInto(Unknown Source)
at java.base/java.util.stream.FindOps$FindOp.evaluateSequential(Unknown Source)
at java.base/java.util.stream.AbstractPipeline.evaluate(Unknown Source)
at java.base/java.util.stream.ReferencePipeline.findFirst(Unknown Source)
at org.openqa.selenium.remote.ProtocolHandshake.createSession(ProtocolHandshake.java:126)
at org.openqa.selenium.remote.ProtocolHandshake.createSession(ProtocolHandshake.java:73)
at org.openqa.selenium.remote.HttpCommandExecutor.execute(HttpCommandExecutor.java:138)
at org.openqa.selenium.remote.service.DriverCommandExecutor.execute(DriverCommandExecutor.java:83)
at org.openqa.selenium.remote.RemoteWebDriver.execute(RemoteWebDriver.java:601)
at org.openqa.selenium.remote.RemoteWebDriver.startSession(RemoteWebDriver.java:219)
at org.openqa.selenium.remote.RemoteWebDriver.<init>(RemoteWebDriver.java:142)
at org.openqa.selenium.chrome.ChromeDriver.<init>(ChromeDriver.java:181)
at org.openqa.selenium.chrome.ChromeDriver.<init>(ChromeDriver.java:168)
at org.openqa.selenium.chrome.ChromeDriver.<init>(ChromeDriver.java:123)
at com.umitkaya.BaseClasses.BaseTest.start(BaseTest.java:17)
at java.base/jdk.internal.reflect.NativeMethodAccessorImpl.invoke0(Native Method)
at java.base/jdk.internal.reflect.NativeMethodAccessorImpl.invoke(Unknown Source)
at java.base/jdk.internal.reflect.DelegatingMethodAccessorImpl.invoke(Unknown Source)
at java.base/java.lang.reflect.Method.invoke(Unknown Source)
at org.testng.internal.MethodInvocationHelper.invokeMethod(MethodInvocationHelper.java:124)
at org.testng.internal.MethodInvocationHelper.invokeMethodConsideringTimeout(MethodInvocationHelper.java:59)
at org.testng.internal.Invoker.invokeConfigurationMethod(Invoker.java:458)
at org.testng.internal.Invoker.invokeConfigurations(Invoker.java:222)
at org.testng.internal.Invoker.invokeConfigurations(Invoker.java:142)
at org.testng.TestRunner.beforeRun(TestRunner.java:529)
at org.testng.TestRunner.run(TestRunner.java:497)
at org.testng.SuiteRunner.runTest(SuiteRunner.java:455)
at org.testng.SuiteRunner.runSequentially(SuiteRunner.java:450)
at org.testng.SuiteRunner.privateRun(SuiteRunner.java:415)
at org.testng.SuiteRunner.run(SuiteRunner.java:364)
at org.testng.SuiteRunnerWorker.runSuite(SuiteRunnerWorker.java:52)
at org.testng.SuiteRunnerWorker.run(SuiteRunnerWorker.java:84)
at org.testng.TestNG.runSuitesSequentially(TestNG.java:1208)
at org.testng.TestNG.runSuitesLocally(TestNG.java:1137)
at org.testng.TestNG.runSuites(TestNG.java:1049)
at org.testng.TestNG.run(TestNG.java:1017)
at org.testng.remote.AbstractRemoteTestNG.run(AbstractRemoteTestNG.java:115)
at org.testng.remote.RemoteTestNG.initAndRun(RemoteTestNG.java:251)
at org.testng.remote.RemoteTestNG.main(RemoteTestNG.java:77)
]]>
    </error>
  </testcase> <!-- start -->
  <testcase classname="com.umitkaya.TestCases.TC001" name="step1" time="0.000">
    <skipped/>
  </testcase> <!-- step1 -->
</testsuite> <!-- com.umitkaya.TestCases.TC001 -->
